<?xml version="1.0" encoding="UTF-8"?>
<testsuite name="com.nalderete.knowledgebase.KnowledgebaseApplicationTests" tests="1" skipped="0" failures="0" errors="0" timestamp="2026-07-29T22:27:56.178Z" hostname="NikitOS" time="13.981">
  <properties/>
  <testcase name="contextLoads()" classname="com.nalderete.knowledgebase.KnowledgebaseApplicationTests" time="0.964"/>
  <system-out><![CDATA[19:27:57.042 [Test worker] INFO org.springframework.test.context.support.AnnotationConfigContextLoaderUtils -- Could not detect default configuration classes for test class [com.nalderete.knowledgebase.KnowledgebaseApplicationTests]: KnowledgebaseApplicationTests does not declare any static, non-private, non-final, nested classes annotated with @Configuration.
19:27:57.454 [Test worker] INFO org.springframework.boot.test.context.SpringBootTestContextBootstrapper -- Found @SpringBootConfiguration com.nalderete.knowledgebase.KnowledgebaseApplication for test class com.nalderete.knowledgebase.KnowledgebaseApplicationTests
19:27:57.875 [Test worker] INFO org.springframework.test.context.support.AnnotationConfigContextLoaderUtils -- Could not detect default configuration classes for test class [com.nalderete.knowledgebase.KnowledgebaseApplicationTests]: KnowledgebaseApplicationTests does not declare any static, non-private, non-final, nested classes annotated with @Configuration.
19:27:57.891 [Test worker] INFO org.springframework.boot.test.context.SpringBootTestContextBootstrapper -- Found @SpringBootConfiguration com.nalderete.knowledgebase.KnowledgebaseApplication for test class com.nalderete.knowledgebase.KnowledgebaseApplicationTests

  .   ____          _            __ _ _
 /\\ / ___'_ __ _ _(_)_ __  __ _ \ \ \ \
( ( )\___ | '_ | '_| | '_ \/ _` | \ \ \ \
 \\/  ___)| |_)| | | | | || (_| |  ) ) ) )
  '  |____| .__|_| |_|_| |_\__, | / / / /
 =========|_|==============|___/=/_/_/_/

 :: Spring Boot ::                (v4.1.0)

2026-07-29T19:27:59.290-03:00  INFO 41146 --- [knowledgebase] [    Test worker] c.n.k.KnowledgebaseApplicationTests      : Starting KnowledgebaseApplicationTests using Java 21.0.11 with PID 41146 (started by nicolas in /home/nicolas/PROGRAMACION/proyects/secondBrain/SecondBrain-Notes/backend)
2026-07-29T19:27:59.325-03:00  INFO 41146 --- [knowledgebase] [    Test worker] c.n.k.KnowledgebaseApplicationTests      : No active profile set, falling back to 1 default profile: "default"
2026-07-29T19:28:01.713-03:00  INFO 41146 --- [knowledgebase] [    Test worker] .s.d.r.c.RepositoryConfigurationDelegate : Bootstrapping Spring Data JPA repositories in DEFAULT mode.
2026-07-29T19:28:01.780-03:00  INFO 41146 --- [knowledgebase] [    Test worker] .s.d.r.c.RepositoryConfigurationDelegate : Finished Spring Data repository scanning in 38 ms. Found 0 JPA repository interfaces.
2026-07-29T19:28:03.010-03:00  INFO 41146 --- [knowledgebase] [    Test worker] org.hibernate.orm.jpa                    : HHH008540: Processing PersistenceUnitInfo [name: default]
2026-07-29T19:28:03.150-03:00  INFO 41146 --- [knowledgebase] [    Test worker] org.hibernate.orm.core                   : HHH000001: Hibernate ORM core version 7.4.1.Final
2026-07-29T19:28:05.272-03:00  INFO 41146 --- [knowledgebase] [    Test worker] o.s.o.j.p.SpringPersistenceUnitInfo      : No LoadTimeWeaver setup: ignoring JPA class transformer
2026-07-29T19:28:05.361-03:00  INFO 41146 --- [knowledgebase] [    Test worker] com.zaxxer.hikari.HikariDataSource       : HikariPool-1 - Starting...
2026-07-29T19:28:06.046-03:00  INFO 41146 --- [knowledgebase] [    Test worker] com.zaxxer.hikari.pool.HikariPool        : HikariPool-1 - Added connection org.postgresql.jdbc.PgConnection@6b2f7527
2026-07-29T19:28:06.061-03:00  INFO 41146 --- [knowledgebase] [    Test worker] com.zaxxer.hikari.HikariDataSource       : HikariPool-1 - Start completed.
2026-07-29T19:28:06.443-03:00  INFO 41146 --- [knowledgebase] [    Test worker] org.hibernate.orm.connections.pooling    : HHH10001005: Database info:
	Database JDBC URL [jdbc:postgresql://localhost:5432/knowledgebase]
	Database driver: PostgreSQL JDBC Driver
	Database dialect: PostgreSQLDialect
	Database version: 16.14
	Default catalog/schema: knowledgebase/public
	Autocommit mode: undefined/unknown
	Isolation level: READ_COMMITTED [default READ_COMMITTED]
	JDBC fetch size: none
	Pool: DataSourceConnectionProvider
	Minimum pool size: undefined/unknown
	Maximum pool size: undefined/unknown
2026-07-29T19:28:07.447-03:00  INFO 41146 --- [knowledgebase] [    Test worker] org.hibernate.orm.core                   : HHH000489: No JTA platform available (set 'hibernate.transaction.jta.platform' to enable JTA platform integration)
2026-07-29T19:28:07.644-03:00  INFO 41146 --- [knowledgebase] [    Test worker] j.LocalContainerEntityManagerFactoryBean : Initialized JPA EntityManagerFactory for persistence unit 'default'
2026-07-29T19:28:08.078-03:00  WARN 41146 --- [knowledgebase] [    Test worker] JpaBaseConfiguration$JpaWebConfiguration : spring.jpa.open-in-view is enabled by default. Therefore, database queries may be performed during view rendering. Explicitly configure spring.jpa.open-in-view to disable this warning
2026-07-29T19:28:09.160-03:00  INFO 41146 --- [knowledgebase] [    Test worker] c.n.k.KnowledgebaseApplicationTests      : Started KnowledgebaseApplicationTests in 11.049 seconds (process running for 16.149)
]]></system-out>
  <system-err><![CDATA[Mockito is currently self-attaching to enable the inline-mock-maker. This will no longer work in future releases of the JDK. Please add Mockito as an agent to your build as described in Mockito's documentation: https://javadoc.io/doc/org.mockito/mockito-core/latest/org.mockito/org/mockito/Mockito.html#0.3
WARNING: A Java agent has been loaded dynamically (/home/nicolas/.gradle/caches/modules-2/files-2.1/net.bytebuddy/byte-buddy-agent/1.18.10/9426d28828bdcdf42666bb7a68c468279ea78f59/byte-buddy-agent-1.18.10.jar)
WARNING: If a serviceability tool is in use, please run with -XX:+EnableDynamicAgentLoading to hide this warning
WARNING: If a serviceability tool is not in use, please run with -Djdk.instrument.traceUsage for more information
WARNING: Dynamic loading of agents will be disallowed by default in a future release
]]></system-err>
</testsuite>
